2019-09-30 03:20:10,143 [WARN] from application in ForkJoinPool-1-worker-5 - application.conf @ file:/Users/benson/Documents/Projects/tello/scalatello/target/scala-2.11/classes/application.conf: 77: user is deprecated, use username instead
2019-09-30 03:20:10,151 [INFO] from application in ForkJoinPool-1-worker-5 - Creating Pool for datasource 'users'
2019-09-30 03:20:10,506 [INFO] from play.api.db.DefaultDBApi in ForkJoinPool-1-worker-5 - Database [users] connected at jdbc:h2:mem:play
2019-09-30 03:20:15,900 [INFO] from play.api.Play in ForkJoinPool-1-worker-5 - Application started (Dev)
2019-09-30 03:20:41,047 [ERROR] from application in application-akka.actor.default-dispatcher-6 - 

! @7dbg5me62 - Internal server error, for (GET) [/tello/connect] ->
 
play.api.http.HttpErrorHandlerExceptions$$anon$1: Execution exception[[BindException: Address already in use (Bind failed)]]
	at play.api.http.HttpErrorHandlerExceptions$.throwableToUsefulException(HttpErrorHandler.scala:255)
	at play.api.http.DefaultHttpErrorHandler.onServerError(HttpErrorHandler.scala:180)
	at play.core.server.AkkaHttpServer$$anonfun$14$$anonfun$apply$1.applyOrElse(AkkaHttpServer.scala:230)
	at play.core.server.AkkaHttpServer$$anonfun$14$$anonfun$apply$1.applyOrElse(AkkaHttpServer.scala:229)
	at scala.concurrent.Future$$anonfun$recoverWith$1.apply(Future.scala:346)
	at scala.concurrent.Future$$anonfun$recoverWith$1.apply(Future.scala:345)
	at scala.concurrent.impl.CallbackRunnable.run(Promise.scala:36)
	at play.api.libs.streams.Execution$trampoline$.execute(Execution.scala:70)
	at scala.concurrent.impl.CallbackRunnable.executeWithValue(Promise.scala:44)
	at scala.concurrent.impl.Promise$DefaultPromise.tryComplete(Promise.scala:252)
	at scala.concurrent.Promise$class.complete(Promise.scala:55)
	at scala.concurrent.impl.Promise$DefaultPromise.complete(Promise.scala:157)
	at scala.concurrent.Future$$anonfun$recoverWith$1$$anonfun$apply$6.apply(Future.scala:346)
	at scala.concurrent.Future$$anonfun$recoverWith$1$$anonfun$apply$6.apply(Future.scala:346)
	at scala.concurrent.impl.CallbackRunnable.run(Promise.scala:36)
	at scala.concurrent.BatchingExecutor$Batch$$anonfun$run$1.processBatch$1(BatchingExecutor.scala:63)
	at scala.concurrent.BatchingExecutor$Batch$$anonfun$run$1.apply$mcV$sp(BatchingExecutor.scala:78)
	at scala.concurrent.BatchingExecutor$Batch$$anonfun$run$1.apply(BatchingExecutor.scala:55)
	at scala.concurrent.BatchingExecutor$Batch$$anonfun$run$1.apply(BatchingExecutor.scala:55)
	at scala.concurrent.BlockContext$.withBlockContext(BlockContext.scala:72)
	at scala.concurrent.BatchingExecutor$Batch.run(BatchingExecutor.scala:54)
	at scala.concurrent.Future$InternalCallbackExecutor$.unbatchedExecute(Future.scala:601)
	at scala.concurrent.BatchingExecutor$class.execute(BatchingExecutor.scala:106)
	at scala.concurrent.Future$InternalCallbackExecutor$.execute(Future.scala:599)
	at scala.concurrent.impl.CallbackRunnable.executeWithValue(Promise.scala:44)
	at scala.concurrent.impl.Promise$DefaultPromise.tryComplete(Promise.scala:252)
	at scala.concurrent.Promise$class.complete(Promise.scala:55)
	at scala.concurrent.impl.Promise$DefaultPromise.complete(Promise.scala:157)
	at scala.concurrent.Future$$anonfun$map$1.apply(Future.scala:237)
	at scala.concurrent.Future$$anonfun$map$1.apply(Future.scala:237)
	at scala.concurrent.impl.CallbackRunnable.run(Promise.scala:36)
	at akka.dispatch.BatchingExecutor$AbstractBatch.processBatch(BatchingExecutor.scala:55)
	at akka.dispatch.BatchingExecutor$BlockableBatch$$anonfun$run$1.apply$mcV$sp(BatchingExecutor.scala:91)
	at akka.dispatch.BatchingExecutor$BlockableBatch$$anonfun$run$1.apply(BatchingExecutor.scala:91)
	at akka.dispatch.BatchingExecutor$BlockableBatch$$anonfun$run$1.apply(BatchingExecutor.scala:91)
	at scala.concurrent.BlockContext$.withBlockContext(BlockContext.scala:72)
	at akka.dispatch.BatchingExecutor$BlockableBatch.run(BatchingExecutor.scala:90)
	at akka.dispatch.TaskInvocation.run(AbstractDispatcher.scala:38)
	at akka.dispatch.ForkJoinExecutorConfigurator$AkkaForkJoinTask.exec(ForkJoinExecutorConfigurator.scala:43)
	at akka.dispatch.forkjoin.ForkJoinTask.doExec(ForkJoinTask.java:260)
	at akka.dispatch.forkjoin.ForkJoinPool$WorkQueue.runTask(ForkJoinPool.java:1339)
	at akka.dispatch.forkjoin.ForkJoinPool.runWorker(ForkJoinPool.java:1979)
	at akka.dispatch.forkjoin.ForkJoinWorkerThread.run(ForkJoinWorkerThread.java:107)
Caused by: java.net.BindException: Address already in use (Bind failed)
	at java.net.PlainDatagramSocketImpl.bind0(Native Method)
	at java.net.AbstractPlainDatagramSocketImpl.bind(AbstractPlainDatagramSocketImpl.java:93)
	at java.net.DatagramSocket.bind(DatagramSocket.java:392)
	at java.net.DatagramSocket.<init>(DatagramSocket.java:242)
	at java.net.DatagramSocket.<init>(DatagramSocket.java:299)
	at java.net.DatagramSocket.<init>(DatagramSocket.java:271)
	at services.JTello.connect(JTello.scala:27)
	at services.JTello.connect(JTello.scala:20)
	at controllers.HomeController$$anonfun$sendRequest$1.apply(HomeController.scala:43)
	at controllers.HomeController$$anonfun$sendRequest$1.apply(HomeController.scala:40)
	at scala.Function1$$anonfun$andThen$1.apply(Function1.scala:52)
	at play.api.mvc.ActionBuilderImpl.invokeBlock(Action.scala:482)
	at play.api.mvc.ActionBuilderImpl.invokeBlock(Action.scala:480)
	at play.api.mvc.ActionBuilder$$anon$2.apply(Action.scala:419)
	at play.api.mvc.Action$$anonfun$apply$2.apply(Action.scala:96)
	at play.api.mvc.Action$$anonfun$apply$2.apply(Action.scala:89)
	at play.api.libs.streams.StrictAccumulator$$anonfun$mapFuture$2$$anonfun$1.apply(Accumulator.scala:174)
	at play.api.libs.streams.StrictAccumulator$$anonfun$mapFuture$2$$anonfun$1.apply(Accumulator.scala:174)
	at scala.util.Try$.apply(Try.scala:192)
	at play.api.libs.streams.StrictAccumulator$$anonfun$mapFuture$2.apply(Accumulator.scala:174)
	at play.api.libs.streams.StrictAccumulator$$anonfun$mapFuture$2.apply(Accumulator.scala:170)
	at akka.stream.impl.Transform.apply(TraversalBuilder.scala:155)
	at akka.stream.impl.PhasedFusingActorMaterializer.materialize(PhasedFusingActorMaterializer.scala:482)
	at akka.stream.impl.PhasedFusingActorMaterializer.materialize(PhasedFusingActorMaterializer.scala:420)
	at akka.stream.impl.PhasedFusingActorMaterializer.materialize(PhasedFusingActorMaterializer.scala:415)
	at akka.stream.scaladsl.RunnableGraph.run(Flow.scala:439)
	at play.api.libs.streams.Accumulator$$anonfun$futureToSink$1$$anonfun$apply$8.apply(Accumulator.scala:245)
	at play.api.libs.streams.Accumulator$$anonfun$futureToSink$1$$anonfun$apply$8.apply(Accumulator.scala:244)
	at scala.concurrent.Future$$anonfun$flatMap$1.apply(Future.scala:253)
	at scala.concurrent.Future$$anonfun$flatMap$1.apply(Future.scala:251)
	at scala.concurrent.impl.CallbackRunnable.run(Promise.scala:36)
	at play.api.libs.streams.Execution$trampoline$.execute(Execution.scala:70)
	at scala.concurrent.impl.CallbackRunnable.executeWithValue(Promise.scala:44)
	at scala.concurrent.impl.Promise$DefaultPromise.scala$concurrent$impl$Promise$DefaultPromise$$dispatchOrAddCallback(Promise.scala:284)
	at scala.concurrent.impl.Promise$DefaultPromise.onComplete(Promise.scala:274)
	at scala.concurrent.Future$class.flatMap(Future.scala:251)
	at scala.concurrent.impl.Promise$DefaultPromise.flatMap(Promise.scala:157)
	at play.api.libs.streams.Accumulator$$anonfun$futureToSink$1.apply(Accumulator.scala:244)
	at play.api.libs.streams.Accumulator$$anonfun$futureToSink$1.apply(Accumulator.scala:240)
	at akka.stream.impl.Transform.apply(TraversalBuilder.scala:155)
	at akka.stream.impl.PhasedFusingActorMaterializer.materialize(PhasedFusingActorMaterializer.scala:482)
	at akka.stream.impl.PhasedFusingActorMaterializer.materialize(PhasedFusingActorMaterializer.scala:420)
	at akka.stream.impl.PhasedFusingActorMaterializer.materialize(PhasedFusingActorMaterializer.scala:415)
	at akka.stream.scaladsl.RunnableGraph.run(Flow.scala:439)
	at play.api.libs.streams.SinkAccumulator.run(Accumulator.scala:135)
	at play.api.libs.streams.SinkAccumulator.run(Accumulator.scala:139)
	at play.core.server.AkkaHttpServer.executeAction(AkkaHttpServer.scala:276)
	at play.core.server.AkkaHttpServer.executeHandler(AkkaHttpServer.scala:233)
	at play.core.server.AkkaHttpServer.play$core$server$AkkaHttpServer$$handleRequest(AkkaHttpServer.scala:174)
	at play.core.server.AkkaHttpServer$$anonfun$5.apply(AkkaHttpServer.scala:95)
	at play.core.server.AkkaHttpServer$$anonfun$5.apply(AkkaHttpServer.scala:95)
	at akka.stream.impl.fusing.MapAsync$$anon$23.onPush(Ops.scala:1172)
	at akka.stream.impl.fusing.GraphInterpreter.processPush(GraphInterpreter.scala:499)
	at akka.stream.impl.fusing.GraphInterpreter.processEvent(GraphInterpreter.scala:462)
	at akka.stream.impl.fusing.GraphInterpreter.execute(GraphInterpreter.scala:368)
	at akka.stream.impl.fusing.GraphInterpreterShell.runBatch(ActorGraphInterpreter.scala:571)
	at akka.stream.impl.fusing.GraphInterpreterShell$AsyncInput.execute(ActorGraphInterpreter.scala:457)
	at akka.stream.impl.fusing.GraphInterpreterShell.processEvent(ActorGraphInterpreter.scala:546)
	at akka.stream.impl.fusing.ActorGraphInterpreter.akka$stream$impl$fusing$ActorGraphInterpreter$$processEvent(ActorGraphInterpreter.scala:725)
	at akka.stream.impl.fusing.ActorGraphInterpreter$$anonfun$receive$1.applyOrElse(ActorGraphInterpreter.scala:740)
	at akka.actor.Actor$class.aroundReceive(Actor.scala:513)
	at akka.stream.impl.fusing.ActorGraphInterpreter.aroundReceive(ActorGraphInterpreter.scala:650)
	at akka.actor.ActorCell.receiveMessage(ActorCell.scala:527)
	at akka.actor.ActorCell.invoke(ActorCell.scala:496)
	at akka.dispatch.Mailbox.processMailbox(Mailbox.scala:257)
	at akka.dispatch.Mailbox.run(Mailbox.scala:224)
	at akka.dispatch.Mailbox.exec(Mailbox.scala:234)
	... 4 common frames omitted
